<?xml version="1.0" encoding="UTF-8"?>
<!-- Generated by org.testng.reporters.JUnitReportReporter -->
<testsuite hostname="DESKTOP-74IDA1U" failures="0" tests="1" name="com.Maven.MavenTest" time="0.012" errors="0" timestamp="02 Dec 2018 17:05:06 GMT" skipped="0">
  <testcase classname="com.Maven.MavenTest" name="sample" time="0.012"/>
</testsuite> <!-- com.Maven.MavenTest -->
