<?xml version="1.0" encoding="UTF-8"?>
<!-- Generated by org.testng.reporters.JUnitReportReporter -->
<testsuite hostname="DESKTOP-74IDA1U" failures="0" tests="1" name="com.Maven.BaseClass" time="5.643" errors="0" timestamp="05 Dec 2018 14:42:14 GMT" skipped="0">
  <testcase classname="com.Maven.BaseClass" name="Browser" time="5.643"/>
</testsuite> <!-- com.Maven.BaseClass -->
