<?xml version="1.0" encoding="UTF-8"?>
<!-- Generated by org.testng.reporters.JUnitReportReporter -->
<testsuite hostname="DESKTOP-74IDA1U" failures="0" tests="1" name="com.Maven.HomeWork1" time="6.071" errors="0" timestamp="29 Dec 2018 15:08:43 GMT" skipped="0">
  <testcase classname="com.Maven.HomeWork1" name="main" time="6.071"/>
</testsuite> <!-- com.Maven.HomeWork1 -->
