<?xml version="1.0" encoding="UTF-8"?>
<!-- Generated by org.testng.reporters.JUnitReportReporter -->
<testsuite hostname="DESKTOP-74IDA1U" failures="0" tests="2" name="com.Maven.MavenFirstTest" time="0.015" errors="0" timestamp="06 Dec 2018 01:52:59 GMT" skipped="0">
  <testcase classname="com.Maven.MavenFirstTest" name="bye" time="0.015"/>
  <testcase classname="com.Maven.MavenFirstTest" name="hello" time="0.000"/>
</testsuite> <!-- com.Maven.MavenFirstTest -->
